
> client@0.1.0 start
> react-scripts start

(node:26959) [DEP_WEBPACK_DEV_SERVER_ON_AFTER_SETUP_MIDDLEWARE] DeprecationWarning: 'onAfterSetupMiddleware' option is deprecated. Please use the 'setupMiddlewares' option.
(Use `node --trace-deprecation ...` to show where the warning was created)
(node:26959) [DEP_WEBPACK_DEV_SERVER_ON_BEFORE_SETUP_MIDDLEWARE] DeprecationWarning: 'onBeforeSetupMiddleware' option is deprecated. Please use the 'setupMiddlewares' option.
Starting the development server...

Compiled with warnings.

[eslint] 
src/pages/OperatorDashboard.js
  Line 83:6:   React Hook useCallback has an unnecessary dependency: 'token'. Either exclude it or remove the dependency array  react-hooks/exhaustive-deps
  Line 142:6:  React Hook useCallback has an unnecessary dependency: 'token'. Either exclude it or remove the dependency array  react-hooks/exhaustive-deps

src/pages/TekshiruvchiDashboard.js
  Line 44:6:   React Hook useCallback has an unnecessary dependency: 'token'. Either exclude it or remove the dependency array                                                  react-hooks/exhaustive-deps
  Line 92:6:   React Hook useCallback has an unnecessary dependency: 'token'. Either exclude it or remove the dependency array                                                  react-hooks/exhaustive-deps
  Line 114:9:  Nested block is redundant                                                                                                                                        no-lone-blocks
  Line 114:9:  Unreachable code                                                                                                                                                 no-unreachable
  Line 150:6:  React Hook useCallback has missing dependencies: 'completedLoading', 'completedTasks', and 'currentSection'. Either include them or remove the dependency array  react-hooks/exhaustive-deps
  Line 165:6:  React Hook useCallback has an unnecessary dependency: 'token'. Either exclude it or remove the dependency array                                                  react-hooks/exhaustive-deps
  Line 181:6:  React Hook useCallback has an unnecessary dependency: 'token'. Either exclude it or remove the dependency array                                                  react-hooks/exhaustive-deps

src/pages/YuristDashboard.js
  Line 20:22:  'setStatistics' is assigned a value but never used                                                               no-unused-vars
  Line 47:27:  'setSelectedClasses' is assigned a value but never used                                                          no-unused-vars
  Line 114:6:  React Hook useCallback has an unnecessary dependency: 'token'. Either exclude it or remove the dependency array  react-hooks/exhaustive-deps

src/pages/components/ProfitTracking.js
  Line 43:6:  React Hook useCallback has a missing dependency: 'fetchTransactions'. Either include it or remove the dependency array  react-hooks/exhaustive-deps

src/pages/components/Tasks.js
  Line 25:10:   'selectedJob' is assigned a value but never used                                                                 no-unused-vars
  Line 26:10:   'showJobDetails' is assigned a value but never used                                                              no-unused-vars
  Line 27:10:   'jobDocuments' is assigned a value but never used                                                                no-unused-vars
  Line 28:10:   'payouts' is assigned a value but never used                                                                     no-unused-vars
  Line 56:6:    React Hook useCallback has an unnecessary dependency: 'token'. Either exclude it or remove the dependency array  react-hooks/exhaustive-deps
  Line 72:6:    React Hook useCallback has an unnecessary dependency: 'token'. Either exclude it or remove the dependency array  react-hooks/exhaustive-deps
  Line 122:6:   React Hook useCallback has an unnecessary dependency: 'token'. Either exclude it or remove the dependency array  react-hooks/exhaustive-deps
  Line 203:36:  Unnecessary escape character: \'                                                                                 no-useless-escape
  Line 214:9:   'createPayout' is assigned a value but never used                                                                no-unused-vars
  Line 238:9:   'viewJobDetails' is assigned a value but never used                                                              no-unused-vars

Search for the keywords to learn more about each warning.
To ignore, add // eslint-disable-next-line to the line before.

WARNING in [eslint] 
src/pages/OperatorDashboard.js
  Line 83:6:   React Hook useCallback has an unnecessary dependency: 'token'. Either exclude it or remove the dependency array  react-hooks/exhaustive-deps
  Line 142:6:  React Hook useCallback has an unnecessary dependency: 'token'. Either exclude it or remove the dependency array  react-hooks/exhaustive-deps

src/pages/TekshiruvchiDashboard.js
  Line 44:6:   React Hook useCallback has an unnecessary dependency: 'token'. Either exclude it or remove the dependency array                                                  react-hooks/exhaustive-deps
  Line 92:6:   React Hook useCallback has an unnecessary dependency: 'token'. Either exclude it or remove the dependency array                                                  react-hooks/exhaustive-deps
  Line 114:9:  Nested block is redundant                                                                                                                                        no-lone-blocks
  Line 114:9:  Unreachable code                                                                                                                                                 no-unreachable
  Line 150:6:  React Hook useCallback has missing dependencies: 'completedLoading', 'completedTasks', and 'currentSection'. Either include them or remove the dependency array  react-hooks/exhaustive-deps
  Line 165:6:  React Hook useCallback has an unnecessary dependency: 'token'. Either exclude it or remove the dependency array                                                  react-hooks/exhaustive-deps
  Line 181:6:  React Hook useCallback has an unnecessary dependency: 'token'. Either exclude it or remove the dependency array                                                  react-hooks/exhaustive-deps

src/pages/YuristDashboard.js
  Line 20:22:  'setStatistics' is assigned a value but never used                                                               no-unused-vars
  Line 47:27:  'setSelectedClasses' is assigned a value but never used                                                          no-unused-vars
  Line 114:6:  React Hook useCallback has an unnecessary dependency: 'token'. Either exclude it or remove the dependency array  react-hooks/exhaustive-deps

src/pages/components/ProfitTracking.js
  Line 43:6:  React Hook useCallback has a missing dependency: 'fetchTransactions'. Either include it or remove the dependency array  react-hooks/exhaustive-deps

src/pages/components/Tasks.js
  Line 25:10:   'selectedJob' is assigned a value but never used                                                                 no-unused-vars
  Line 26:10:   'showJobDetails' is assigned a value but never used                                                              no-unused-vars
  Line 27:10:   'jobDocuments' is assigned a value but never used                                                                no-unused-vars
  Line 28:10:   'payouts' is assigned a value but never used                                                                     no-unused-vars
  Line 56:6:    React Hook useCallback has an unnecessary dependency: 'token'. Either exclude it or remove the dependency array  react-hooks/exhaustive-deps
  Line 72:6:    React Hook useCallback has an unnecessary dependency: 'token'. Either exclude it or remove the dependency array  react-hooks/exhaustive-deps
  Line 122:6:   React Hook useCallback has an unnecessary dependency: 'token'. Either exclude it or remove the dependency array  react-hooks/exhaustive-deps
  Line 203:36:  Unnecessary escape character: \'                                                                                 no-useless-escape
  Line 214:9:   'createPayout' is assigned a value but never used                                                                no-unused-vars
  Line 238:9:   'viewJobDetails' is assigned a value but never used                                                              no-unused-vars

webpack compiled with 1 warning
